


ARM Macro Assembler    Page 1 


    1 00000000                 AREA             text, CODE, READONLY
    2 00000000                 EXPORT           CrcAssVersion
    3 00000000         CrcAssVersion
    4 00000000         
    5 00000000 E92D 1FFE       PUSH             {R1-R12}    ; Save the register
                                                            s value
    6 00000004         
    7 00000004        0 
                       crc     RN               R0
    8 00000004        1 
                       string  RN               R1
    9 00000004        2 
                       stringLength
                               RN               R2
   10 00000004        5 
                       polynom RN               R5
   11 00000004        6 
                       bitCounter
                               RN               R6
   12 00000004        7 
                       character
                               RN               R7
   13 00000004        A 
                       characterIndex
                               RN               R10
   14 00000004        B 
                       remainder
                               RN               R11
   15 00000004         
   16 00000004 F248 4508       MOV              polynom, #0x8408 ;can't XOR wit
                                                            h more than 255 (co
                                                            nstant)
   17 00000008         CLOOP
   18 00000008 680F            LDR              character, [string] ;ask for on
                                                            e instruction (acce
                                                            ss pointed data)
   19 0000000A F007 07FF       AND              character, #0xFF
   20 0000000E EA8B 0B07       EOR              remainder, character
   21 00000012 F04F 0600       MOV              bitCounter, #0 ;
   22 00000016         
   23 00000016         BLOOP
   24 00000016 F00B 0901       AND              R9, remainder, #0x0001
   25 0000001A F1B9 0F01       CMP              R9, #1
   26 0000001E D003            BEQ              SHIFTANDXOR
   27 00000020         
   28 00000020 D1FF            BNE              SHIFT
   29 00000022         
   30 00000022         SHIFT
   31 00000022 EA4F 0B5B       LSR              remainder, #1
   32 00000026 E004            B                OUTOFIF
   33 00000028         
   34 00000028         SHIFTANDXOR
   35 00000028 EA4F 0B5B       LSR              remainder, #1
   36 0000002C EA8B 0B05       EOR              remainder, polynom
   37 00000030 E7FF            B                OUTOFIF
   38 00000032         
   39 00000032         OUTOFIF
   40 00000032 F106 0601       ADD              bitCounter, #1
   41 00000036 2E08            CMP              bitCounter, #8



ARM Macro Assembler    Page 2 


   42 00000038 D000            BEQ              BLOOPDONE
   43 0000003A DBEC            BLT              BLOOP
   44 0000003C         
   45 0000003C         BLOOPDONE
   46 0000003C F10A 0A01       ADD              characterIndex, #1
   47 00000040 F101 0101       ADD              string, #1
   48 00000044 4592            CMP              characterIndex, stringLength
   49 00000046 D000            BEQ              CLOOPDONE
   50 00000048 DBDE            BLT              CLOOP
   51 0000004A         CLOOPDONE
   52 0000004A 4658            MOV              crc, remainder ; Bring the rema
                                                            inder into R0 (outp
                                                            ut register)
   53 0000004C EBA1 0102       SUB              string, stringLength
   54 00000050         
   55 00000050 E8BD 1FFE       POP              {R1-R12}
   56 00000054         
   57 00000054 4770            BX               LR          ;
   58 00000056                 END
Command Line: --debug --xref --cpu=Cortex-M4.fp --apcs=interwork --depend=.\obj
ect\crc.d -o.\object\crc.o -I"C:\Users\mgrego29\Downloads\Lab 1 Base Project gi
t\Lab 1 Base Project\RTE" -I"C:\Users\mgrego29\Downloads\Lab 1 Base Project git
\Lab 1 Base Project\RTE\Device\STM32F407VG" -IC:\Keil_v5\ARM\PACK\ARM\CMSIS\4.1
.1\CMSIS\Include -IC:\Keil_v5\ARM\PACK\Keil\STM32F4xx_DFP\1.0.8\Device\Include 
--predefine="__MICROLIB SETA 1" --list=.\listings\crc.lst crc.s



ARM Macro Assembler    Page 1 Alphabetic symbol ordering
Relocatable symbols

BLOOP 00000016

Symbol: BLOOP
   Definitions
      At line 23 in file crc.s
   Uses
      At line 43 in file crc.s
Comment: BLOOP used once
BLOOPDONE 0000003C

Symbol: BLOOPDONE
   Definitions
      At line 45 in file crc.s
   Uses
      At line 42 in file crc.s
Comment: BLOOPDONE used once
CLOOP 00000008

Symbol: CLOOP
   Definitions
      At line 17 in file crc.s
   Uses
      At line 50 in file crc.s
Comment: CLOOP used once
CLOOPDONE 0000004A

Symbol: CLOOPDONE
   Definitions
      At line 51 in file crc.s
   Uses
      At line 49 in file crc.s
Comment: CLOOPDONE used once
CrcAssVersion 00000000

Symbol: CrcAssVersion
   Definitions
      At line 3 in file crc.s
   Uses
      At line 2 in file crc.s
Comment: CrcAssVersion used once
OUTOFIF 00000032

Symbol: OUTOFIF
   Definitions
      At line 39 in file crc.s
   Uses
      At line 32 in file crc.s
      At line 37 in file crc.s

SHIFT 00000022

Symbol: SHIFT
   Definitions
      At line 30 in file crc.s
   Uses
      At line 28 in file crc.s
Comment: SHIFT used once
SHIFTANDXOR 00000028




ARM Macro Assembler    Page 2 Alphabetic symbol ordering
Relocatable symbols

Symbol: SHIFTANDXOR
   Definitions
      At line 34 in file crc.s
   Uses
      At line 26 in file crc.s
Comment: SHIFTANDXOR used once
text 00000000

Symbol: text
   Definitions
      At line 1 in file crc.s
   Uses
      None
Comment: text unused
9 symbols
349 symbols in table
